* using log directory ‘/home/khaled/BioInformatics/CRISPRpredProject/CRISPRpred/crisprpred/..Rcheck’
* using R version 3.2.3 (2015-12-10)
* using platform: x86_64-pc-linux-gnu (64-bit)
* using session charset: UTF-8
* checking for file ‘./DESCRIPTION’ ... OK
* this is package ‘crisprpred’ version ‘0.9.9’
* checking package namespace information ... OK
* checking package dependencies ... OK
* checking if this is a source package ... OK
* checking if there is a namespace ... OK
* checking for executable files ... OK
* checking for hidden files and directories ... NOTE
Found the following hidden files and directories:
  .Rhistory
  R_src/crisprpred_main/.Rhistory
  R_src/crisprpred_main/.export
  R_src/crisprpred_main/main/.Rhistory
  R_src/featureformula/.export
  R_src/featurization/.RData
  R_src/featurization/.Rhistory
  R_src/featurization/.export
  R_src/featurization/main/.Rhistory
  R_src/metrics/.export
  R_src/mlmethods/.RData
  R_src/mlmethods/.Rhistory
  R_src/mlmethods/.export
  R_src/mlmethods/main/.Rhistory
  data-raw/.RData
  data-raw/.Rhistory
  ..Rcheck
These were most likely included in error. See section ‘Package
structure’ in the ‘Writing R Extensions’ manual.
* checking for portable file names ... OK
* checking for sufficient/correct file permissions ... OK
* checking whether package ‘crisprpred’ can be installed ... OK
* checking installed package size ... OK
* checking package directory ... OK
* checking DESCRIPTION meta-information ... OK
* checking top-level files ... OK
* checking for left-over files ... OK
* checking index information ... OK
* checking package subdirectories ... WARNING
Found the following directory with the name of a check directory:
  ./..Rcheck
Most likely, these were included erroneously.
* checking R files for non-ASCII characters ... OK
* checking R files for syntax errors ... OK
* checking whether the package can be loaded ... OK
* checking whether the package can be loaded with stated dependencies ... OK
* checking whether the package can be unloaded cleanly ... OK
* checking whether the namespace can be loaded with stated dependencies ... OK
* checking whether the namespace can be unloaded cleanly ... OK
* checking loading without being on the library search path ... OK
* checking dependencies in R code ... NOTE
Packages in Depends field not imported from:
  ‘DAAG’ ‘e1071’ ‘earth’ ‘gtools’ ‘h2o’
  These packages need to be imported from (in the NAMESPACE file)
  for when this namespace is loaded but not attached.
* checking S3 generic/method consistency ... OK
* checking replacement functions ... OK
* checking foreign function calls ... OK
* checking R code for possible problems ... NOTE
dplearning: no visible global function definition for ‘h2o.init’
dplearning: no visible global function definition for ‘as.h2o’
dplearning: no visible global function definition for
  ‘h2o.deeplearning’
dplearning: no visible global function definition for ‘h2o.predict’
lmregression: no visible global function definition for ‘CVlm’
mars: no visible global function definition for ‘earth’
randomforest: no visible global function definition for ‘h2o.init’
randomforest: no visible global function definition for ‘as.h2o’
randomforest: no visible global function definition for
  ‘h2o.randomForest’
randomforest: no visible global function definition for ‘h2o.predict’
randomforest0: no visible global function definition for ‘randomForest’
svmregression: no visible global function definition for ‘svm’
* checking Rd files ... OK
* checking Rd metadata ... OK
* checking Rd cross-references ... OK
* checking for missing documentation entries ... OK
* checking for code/documentation mismatches ... OK
* checking Rd \usage sections ... OK
* checking Rd contents ... OK
* checking for unstated dependencies in examples ... OK
* checking examples ... OK
* checking PDF version of manual ... OK
* DONE
Status: 1 WARNING, 3 NOTEs
